<component name="libraryTable">
  <library name="junit">
    <CLASSES>
      <root url="jar://$PROJECT_DIR$/libraries/junit/junit-jupiter-api-5.0.0-M6.jar!/" />
      <root url="jar://$PROJECT_DIR$/libraries/junit/junit-jupiter-engine-5.0.0-M6.jar!/" />
      <root url="jar://$PROJECT_DIR$/libraries/junit/junit.jar!/" />
      <root url="jar://$PROJECT_DIR$/libraries/junit/opentest4j-1.0.0-M3.jar!/" />
      <root url="jar://$PROJECT_DIR$/libraries/junit/junit-platform-commons-1.0.0-M6.jar!/" />
    </CLASSES>
    <JAVADOC />
    <SOURCES />
  </library>
</component>