<component name="libraryTable">
  <library name="junit-jupiter-api-5.0.0-M4">
    <CLASSES>
      <root url="jar://$APPLICATION_HOME_DIR$/plugins/junit/lib/junit-jupiter-api-5.0.0-M4.jar!/" />
      <root url="jar://$APPLICATION_HOME_DIR$/plugins/junit/lib/junit-jupiter-engine-5.0.0-M4.jar!/" />
      <root url="jar://$APPLICATION_HOME_DIR$/plugins/junit/lib/junit5-rt.jar!/" />
    </CLASSES>
    <JAVADOC />
    <SOURCES />
  </library>
</component>